<?xml version="1.0" encoding="UTF-8"?>
<robot generator="Robot 4.1.1 (Python 3.8.11 on win32)" generated="20211003 20:31:44.694" rpa="false" schemaversion="2">
<suite id="s1" name="SkillAcademy" source="C:\Users\habibastr\Documents\RuangGuru\SkillAcademy\Tests\WEB\SkillAcademy.robot">
<test id="s1-t1" name="Logged out user can search for products">
<kw name="Begin Web Test" library="Common" type="SETUP">
<arg>${BROWSER}</arg>
<kw name="Open Browser" library="SeleniumLibrary">
<arg>about:blank</arg>
<arg>${BROWSER}</arg>
<doc>Opens a new browser instance to the optional ``url``.</doc>
<msg timestamp="20211003 20:31:45.391" level="INFO">Opening browser 'chrome' to base url 'about:blank'.</msg>
<status status="PASS" starttime="20211003 20:31:45.391" endtime="20211003 20:31:48.981"/>
</kw>
<status status="PASS" starttime="20211003 20:31:45.391" endtime="20211003 20:31:48.981"/>
</kw>
<kw name="Search for Products" library="SkillAcademy">
<arg>${SEARCH_TERM}</arg>
<kw name="Load" library="LandingPage">
<kw name="Go To" library="SeleniumLibrary">
<arg>${START_URL}</arg>
<doc>Navigates the current browser window to the provided ``url``.</doc>
<msg timestamp="20211003 20:31:48.981" level="INFO">Opening url 'https://skillacademy.com/'</msg>
<status status="PASS" starttime="20211003 20:31:48.981" endtime="20211003 20:32:23.448"/>
</kw>
<status status="PASS" starttime="20211003 20:31:48.981" endtime="20211003 20:32:23.448"/>
</kw>
<kw name="Verify Page Loaded" library="LandingPage">
<kw name="Wait Until Page Contains" library="SeleniumLibrary">
<arg>Tambah Uang Saku</arg>
<doc>Waits until ``text`` appears on the current page.</doc>
<status status="PASS" starttime="20211003 20:32:23.450" endtime="20211003 20:32:24.708"/>
</kw>
<status status="PASS" starttime="20211003 20:32:23.449" endtime="20211003 20:32:24.708"/>
</kw>
<kw name="Search for Products" library="TopNav">
<arg>${SEARCH_TERM}</arg>
<kw name="Enter Search Term" library="TopNav">
<arg>${SEARCH_TERM}</arg>
<kw name="Input Text" library="SeleniumLibrary">
<arg>${HomePageSearchTextBox}</arg>
<arg>${SEARCH_TERM}</arg>
<doc>Types the given ``text`` into the text field identified by ``locator``.</doc>
<msg timestamp="20211003 20:32:24.713" level="INFO">Typing text 'Programming' into text field 'xpath=//*[@id='root']/div/div[1]/div/div/div[3]/div/div[1]/div/input'.</msg>
<status status="PASS" starttime="20211003 20:32:24.711" endtime="20211003 20:32:26.515"/>
</kw>
<status status="PASS" starttime="20211003 20:32:24.710" endtime="20211003 20:32:26.515"/>
</kw>
<kw name="Submit Search" library="TopNav">
<kw name="Press Keys" library="SeleniumLibrary">
<arg>${SearchButton}</arg>
<arg>[Return]</arg>
<doc>Simulates the user pressing key(s) to an element or on the active browser.</doc>
<msg timestamp="20211003 20:32:26.519" level="INFO">Sending key(s) ('[Return]',) to xpath=//div[@id='root']/div/div/div/div/div[3]/div/div[2]/img element.</msg>
<msg timestamp="20211003 20:32:27.107" level="INFO">Sending keys [Return]</msg>
<status status="PASS" starttime="20211003 20:32:26.517" endtime="20211003 20:32:27.196"/>
</kw>
<status status="PASS" starttime="20211003 20:32:26.516" endtime="20211003 20:32:27.197"/>
</kw>
<status status="PASS" starttime="20211003 20:32:24.709" endtime="20211003 20:32:27.197"/>
</kw>
<kw name="Verify Search Completed" library="SearchResults">
<arg>${SEARCH_TERM}</arg>
<kw name="Wait Until Page Contains" library="SeleniumLibrary">
<arg>Hasil untuk ${SEARCH_TERM}</arg>
<doc>Waits until ``text`` appears on the current page.</doc>
<status status="PASS" starttime="20211003 20:32:27.198" endtime="20211003 20:32:29.567"/>
</kw>
<status status="PASS" starttime="20211003 20:32:27.197" endtime="20211003 20:32:29.567"/>
</kw>
<status status="PASS" starttime="20211003 20:31:48.981" endtime="20211003 20:32:29.568"/>
</kw>
<kw name="End Web Test" library="Common" type="TEARDOWN">
<kw name="Close Browser" library="SeleniumLibrary">
<doc>Closes the current browser.</doc>
<status status="PASS" starttime="20211003 20:32:29.570" endtime="20211003 20:32:33.903"/>
</kw>
<status status="PASS" starttime="20211003 20:32:29.569" endtime="20211003 20:32:33.903"/>
</kw>
<tag>Current</tag>
<status status="PASS" starttime="20211003 20:31:45.391" endtime="20211003 20:32:33.903"/>
</test>
<doc>This is SkillAcademy Search Web Test</doc>
<status status="PASS" starttime="20211003 20:31:44.710" endtime="20211003 20:32:33.919"/>
</suite>
<statistics>
<total>
<stat pass="1" fail="0" skip="0">All Tests</stat>
</total>
<tag>
<stat pass="1" fail="0" skip="0">Current</stat>
</tag>
<suite>
<stat pass="1" fail="0" skip="0" id="s1" name="SkillAcademy">SkillAcademy</stat>
</suite>
</statistics>
<errors>
</errors>
</robot>
